{"/Users/jevdev2304/Documents/PT_Wompi/backend/src/app.controller.ts": {"path":"/Users/jevdev2304/Documents/PT_Wompi/backend/src/app.controller.ts","statementMap":{"0":{"start":{"line":1,"column":0},"end":{"line":1,"column":49}},"1":{"start":{"line":2,"column":0},"end":{"line":2,"column":43}},"2":{"start":{"line":5,"column":7},"end":{"line":7,"column":null}},"3":{"start":{"line":6,"column":31},"end":{"line":6,"column":43}},"4":{"start":{"line":5,"column":13},"end":{"line":5,"column":26}},"5":{"start":{"line":5,"column":13},"end":{"line":7,"column":null}}},"fnMap":{"0":{"name":"(anonymous_2)","decl":{"start":{"line":6,"column":2},"end":{"line":6,"column":31}},"loc":{"start":{"line":6,"column":53},"end":{"line":6,"column":57}}}},"branchMap":{},"s":{"0":1,"1":1,"2":1,"3":1,"4":1,"5":1},"f":{"0":1},"b":{}}
,"/Users/jevdev2304/Documents/PT_Wompi/backend/src/app.service.ts": {"path":"/Users/jevdev2304/Documents/PT_Wompi/backend/src/app.service.ts","statementMap":{"0":{"start":{"line":1,"column":0},"end":{"line":1,"column":44}},"1":{"start":{"line":4,"column":7},"end":{"line":5,"column":null}},"2":{"start":{"line":4,"column":13},"end":{"line":4,"column":23}},"3":{"start":{"line":4,"column":13},"end":{"line":5,"column":null}}},"fnMap":{},"branchMap":{},"s":{"0":2,"1":2,"2":2,"3":2},"f":{},"b":{}}
,"/Users/jevdev2304/Documents/PT_Wompi/backend/src/products/products.controller.ts": {"path":"/Users/jevdev2304/Documents/PT_Wompi/backend/src/products/products.controller.ts","statementMap":{"0":{"start":{"line":2,"column":0},"end":{"line":2,"column":49}},"1":{"start":{"line":3,"column":0},"end":{"line":3,"column":53}},"2":{"start":{"line":4,"column":0},"end":{"line":4,"column":44}},"3":{"start":{"line":5,"column":0},"end":{"line":5,"column":79}},"4":{"start":{"line":9,"column":7},"end":{"line":20,"column":null}},"5":{"start":{"line":11,"column":21},"end":{"line":11,"column":38}},"6":{"start":{"line":18,"column":4},"end":{"line":18,"column":47}},"7":{"start":{"line":9,"column":13},"end":{"line":9,"column":31}},"8":{"start":{"line":17,"column":8},"end":{"line":19,"column":null}},"9":{"start":{"line":9,"column":13},"end":{"line":20,"column":null}}},"fnMap":{"0":{"name":"(anonymous_2)","decl":{"start":{"line":10,"column":2},"end":{"line":10,"column":null}},"loc":{"start":{"line":11,"column":53},"end":{"line":12,"column":6}}},"1":{"name":"(anonymous_3)","decl":{"start":{"line":17,"column":2},"end":{"line":17,"column":7}},"loc":{"start":{"line":17,"column":15},"end":{"line":19,"column":3}}}},"branchMap":{},"s":{"0":1,"1":1,"2":1,"3":1,"4":1,"5":2,"6":1,"7":1,"8":1,"9":1},"f":{"0":2,"1":1},"b":{}}
,"/Users/jevdev2304/Documents/PT_Wompi/backend/src/products/products.repository.ts": {"path":"/Users/jevdev2304/Documents/PT_Wompi/backend/src/products/products.repository.ts","statementMap":{"0":{"start":{"line":2,"column":0},"end":{"line":2,"column":37}},"1":{"start":{"line":3,"column":0},"end":{"line":3,"column":44}},"2":{"start":{"line":4,"column":0},"end":{"line":4,"column":51}},"3":{"start":{"line":5,"column":0},"end":{"line":5,"column":44}},"4":{"start":{"line":8,"column":7},"end":{"line":16,"column":null}},"5":{"start":{"line":11,"column":21},"end":{"line":11,"column":40}},"6":{"start":{"line":14,"column":4},"end":{"line":14,"column":41}},"7":{"start":{"line":8,"column":13},"end":{"line":8,"column":31}},"8":{"start":{"line":8,"column":13},"end":{"line":16,"column":null}}},"fnMap":{"0":{"name":"(anonymous_4)","decl":{"start":{"line":9,"column":2},"end":{"line":9,"column":null}},"loc":{"start":{"line":11,"column":59},"end":{"line":12,"column":6}}},"1":{"name":"(anonymous_5)","decl":{"start":{"line":13,"column":2},"end":{"line":13,"column":7}},"loc":{"start":{"line":13,"column":15},"end":{"line":15,"column":3}}}},"branchMap":{},"s":{"0":3,"1":3,"2":3,"3":3,"4":3,"5":2,"6":1,"7":3,"8":3},"f":{"0":2,"1":1},"b":{}}
,"/Users/jevdev2304/Documents/PT_Wompi/backend/src/products/products.service.ts": {"path":"/Users/jevdev2304/Documents/PT_Wompi/backend/src/products/products.service.ts","statementMap":{"0":{"start":{"line":1,"column":0},"end":{"line":1,"column":44}},"1":{"start":{"line":2,"column":0},"end":{"line":2,"column":59}},"2":{"start":{"line":5,"column":7},"end":{"line":15,"column":null}},"3":{"start":{"line":7,"column":25},"end":{"line":7,"column":46}},"4":{"start":{"line":11,"column":8},"end":{"line":11,"column":55}},"5":{"start":{"line":5,"column":13},"end":{"line":5,"column":28}},"6":{"start":{"line":5,"column":13},"end":{"line":15,"column":null}}},"fnMap":{"0":{"name":"(anonymous_2)","decl":{"start":{"line":6,"column":4},"end":{"line":6,"column":null}},"loc":{"start":{"line":7,"column":64},"end":{"line":8,"column":7}}},"1":{"name":"(anonymous_3)","decl":{"start":{"line":9,"column":4},"end":{"line":9,"column":9}},"loc":{"start":{"line":9,"column":22},"end":{"line":12,"column":5}}}},"branchMap":{},"s":{"0":2,"1":2,"2":2,"3":2,"4":1,"5":2,"6":2},"f":{"0":2,"1":1},"b":{}}
,"/Users/jevdev2304/Documents/PT_Wompi/backend/src/transactions/transactions.controller.ts": {"path":"/Users/jevdev2304/Documents/PT_Wompi/backend/src/transactions/transactions.controller.ts","statementMap":{"0":{"start":{"line":2,"column":0},"end":{"line":2,"column":56}},"1":{"start":{"line":3,"column":0},"end":{"line":3,"column":69}},"2":{"start":{"line":4,"column":0},"end":{"line":4,"column":61}},"3":{"start":{"line":5,"column":0},"end":{"line":5,"column":58}},"4":{"start":{"line":6,"column":0},"end":{"line":6,"column":52}},"5":{"start":{"line":10,"column":7},"end":{"line":19,"column":null}},"6":{"start":{"line":11,"column":31},"end":{"line":11,"column":52}},"7":{"start":{"line":17,"column":4},"end":{"line":17,"column":59}},"8":{"start":{"line":10,"column":13},"end":{"line":10,"column":35}},"9":{"start":{"line":16,"column":8},"end":{"line":18,"column":null}},"10":{"start":{"line":10,"column":13},"end":{"line":19,"column":null}}},"fnMap":{"0":{"name":"(anonymous_4)","decl":{"start":{"line":11,"column":2},"end":{"line":11,"column":31}},"loc":{"start":{"line":11,"column":71},"end":{"line":11,"column":75}}},"1":{"name":"(anonymous_5)","decl":{"start":{"line":16,"column":2},"end":{"line":16,"column":7}},"loc":{"start":{"line":16,"column":59},"end":{"line":18,"column":3}}}},"branchMap":{},"s":{"0":1,"1":1,"2":1,"3":1,"4":1,"5":1,"6":2,"7":1,"8":1,"9":1,"10":1},"f":{"0":2,"1":1},"b":{}}
,"/Users/jevdev2304/Documents/PT_Wompi/backend/src/transactions/transactions.repository.ts": {"path":"/Users/jevdev2304/Documents/PT_Wompi/backend/src/transactions/transactions.repository.ts","statementMap":{"0":{"start":{"line":1,"column":0},"end":{"line":1,"column":44}},"1":{"start":{"line":2,"column":0},"end":{"line":2,"column":51}},"2":{"start":{"line":3,"column":0},"end":{"line":3,"column":37}},"3":{"start":{"line":4,"column":0},"end":{"line":4,"column":54}},"4":{"start":{"line":5,"column":0},"end":{"line":5,"column":52}},"5":{"start":{"line":6,"column":0},"end":{"line":6,"column":56}},"6":{"start":{"line":7,"column":0},"end":{"line":7,"column":59}},"7":{"start":{"line":10,"column":7},"end":{"line":60,"column":null}},"8":{"start":{"line":13,"column":21},"end":{"line":13,"column":40}},"9":{"start":{"line":16,"column":21},"end":{"line":16,"column":44}},"10":{"start":{"line":19,"column":21},"end":{"line":19,"column":41}},"11":{"start":{"line":22,"column":21},"end":{"line":22,"column":41}},"12":{"start":{"line":26,"column":4},"end":{"line":26,"column":78}},"13":{"start":{"line":30,"column":4},"end":{"line":30,"column":54}},"14":{"start":{"line":34,"column":4},"end":{"line":34,"column":71}},"15":{"start":{"line":38,"column":4},"end":{"line":38,"column":56}},"16":{"start":{"line":42,"column":4},"end":{"line":42,"column":56}},"17":{"start":{"line":46,"column":4},"end":{"line":46,"column":62}},"18":{"start":{"line":50,"column":4},"end":{"line":50,"column":62}},"19":{"start":{"line":54,"column":4},"end":{"line":54,"column":56}},"20":{"start":{"line":58,"column":4},"end":{"line":58,"column":56}},"21":{"start":{"line":10,"column":13},"end":{"line":10,"column":35}},"22":{"start":{"line":10,"column":13},"end":{"line":60,"column":null}}},"fnMap":{"0":{"name":"(anonymous_4)","decl":{"start":{"line":11,"column":2},"end":{"line":11,"column":null}},"loc":{"start":{"line":22,"column":61},"end":{"line":23,"column":6}}},"1":{"name":"(anonymous_5)","decl":{"start":{"line":25,"column":2},"end":{"line":25,"column":7}},"loc":{"start":{"line":25,"column":41},"end":{"line":27,"column":3}}},"2":{"name":"(anonymous_6)","decl":{"start":{"line":29,"column":2},"end":{"line":29,"column":7}},"loc":{"start":{"line":29,"column":36},"end":{"line":31,"column":3}}},"3":{"name":"(anonymous_7)","decl":{"start":{"line":33,"column":2},"end":{"line":33,"column":7}},"loc":{"start":{"line":33,"column":41},"end":{"line":35,"column":3}}},"4":{"name":"(anonymous_8)","decl":{"start":{"line":37,"column":2},"end":{"line":37,"column":16}},"loc":{"start":{"line":37,"column":48},"end":{"line":39,"column":3}}},"5":{"name":"(anonymous_9)","decl":{"start":{"line":41,"column":2},"end":{"line":41,"column":7}},"loc":{"start":{"line":41,"column":39},"end":{"line":43,"column":3}}},"6":{"name":"(anonymous_10)","decl":{"start":{"line":45,"column":2},"end":{"line":45,"column":19}},"loc":{"start":{"line":45,"column":57},"end":{"line":47,"column":3}}},"7":{"name":"(anonymous_11)","decl":{"start":{"line":49,"column":2},"end":{"line":49,"column":7}},"loc":{"start":{"line":49,"column":48},"end":{"line":51,"column":3}}},"8":{"name":"(anonymous_12)","decl":{"start":{"line":53,"column":2},"end":{"line":53,"column":16}},"loc":{"start":{"line":53,"column":48},"end":{"line":55,"column":3}}},"9":{"name":"(anonymous_13)","decl":{"start":{"line":57,"column":2},"end":{"line":57,"column":7}},"loc":{"start":{"line":57,"column":39},"end":{"line":59,"column":3}}}},"branchMap":{},"s":{"0":2,"1":2,"2":2,"3":2,"4":2,"5":2,"6":2,"7":2,"8":0,"9":0,"10":0,"11":0,"12":0,"13":0,"14":0,"15":0,"16":0,"17":0,"18":0,"19":0,"20":0,"21":2,"22":2},"f":{"0":0,"1":0,"2":0,"3":0,"4":0,"5":0,"6":0,"7":0,"8":0,"9":0},"b":{}}
,"/Users/jevdev2304/Documents/PT_Wompi/backend/src/transactions/transactions.service.ts": {"path":"/Users/jevdev2304/Documents/PT_Wompi/backend/src/transactions/transactions.service.ts","statementMap":{"0":{"start":{"line":1,"column":0},"end":{"line":1,"column":null}},"1":{"start":{"line":7,"column":0},"end":{"line":7,"column":67}},"2":{"start":{"line":9,"column":0},"end":{"line":9,"column":54}},"3":{"start":{"line":12,"column":7},"end":{"line":147,"column":null}},"4":{"start":{"line":14,"column":21},"end":{"line":14,"column":45}},"5":{"start":{"line":15,"column":21},"end":{"line":15,"column":35}},"6":{"start":{"line":32,"column":4},"end":{"line":145,"column":5}},"7":{"start":{"line":33,"column":22},"end":{"line":33,"column":86}},"8":{"start":{"line":34,"column":6},"end":{"line":36,"column":7}},"9":{"start":{"line":35,"column":8},"end":{"line":35,"column":82}},"10":{"start":{"line":39,"column":21},"end":{"line":39,"column":94}},"11":{"start":{"line":40,"column":6},"end":{"line":44,"column":7}},"12":{"start":{"line":41,"column":8},"end":{"line":41,"column":50}},"13":{"start":{"line":43,"column":8},"end":{"line":43,"column":76}},"14":{"start":{"line":45,"column":6},"end":{"line":45,"column":74}},"15":{"start":{"line":48,"column":29},"end":{"line":48,"column":34}},"16":{"start":{"line":49,"column":20},"end":{"line":49,"column":82}},"17":{"start":{"line":53,"column":6},"end":{"line":63,"column":7}},"18":{"start":{"line":54,"column":8},"end":{"line":60,"column":11}},"19":{"start":{"line":62,"column":8},"end":{"line":62,"column":99}},"20":{"start":{"line":66,"column":24},"end":{"line":66,"column":42}},"21":{"start":{"line":68,"column":6},"end":{"line":84,"column":7}},"22":{"start":{"line":69,"column":8},"end":{"line":81,"column":11}},"23":{"start":{"line":83,"column":8},"end":{"line":83,"column":98}},"24":{"start":{"line":87,"column":24},"end":{"line":93,"column":8}},"25":{"start":{"line":94,"column":6},"end":{"line":94,"column":83}},"26":{"start":{"line":97,"column":23},"end":{"line":100,"column":8}},"27":{"start":{"line":101,"column":6},"end":{"line":101,"column":63}},"28":{"start":{"line":105,"column":6},"end":{"line":112,"column":7}},"29":{"start":{"line":106,"column":23},"end":{"line":108,"column":10}},"30":{"start":{"line":109,"column":8},"end":{"line":109,"column":53}},"31":{"start":{"line":111,"column":8},"end":{"line":111,"column":32}},"32":{"start":{"line":115,"column":6},"end":{"line":123,"column":7}},"33":{"start":{"line":116,"column":8},"end":{"line":116,"column":39}},"34":{"start":{"line":117,"column":8},"end":{"line":117,"column":68}},"35":{"start":{"line":118,"column":8},"end":{"line":118,"column":63}},"36":{"start":{"line":120,"column":8},"end":{"line":120,"column":37}},"37":{"start":{"line":121,"column":8},"end":{"line":121,"column":71}},"38":{"start":{"line":122,"column":8},"end":{"line":122,"column":115}},"39":{"start":{"line":124,"column":6},"end":{"line":135,"column":8}},"40":{"start":{"line":137,"column":6},"end":{"line":137,"column":49}},"41":{"start":{"line":139,"column":6},"end":{"line":141,"column":7}},"42":{"start":{"line":140,"column":8},"end":{"line":140,"column":58}},"43":{"start":{"line":142,"column":6},"end":{"line":144,"column":8}},"44":{"start":{"line":12,"column":13},"end":{"line":12,"column":32}},"45":{"start":{"line":12,"column":13},"end":{"line":147,"column":null}}},"fnMap":{"0":{"name":"(anonymous_2)","decl":{"start":{"line":13,"column":2},"end":{"line":13,"column":null}},"loc":{"start":{"line":15,"column":47},"end":{"line":16,"column":6}}},"1":{"name":"(anonymous_3)","decl":{"start":{"line":18,"column":2},"end":{"line":18,"column":7}},"loc":{"start":{"line":19,"column":29},"end":{"line":146,"column":3}}}},"branchMap":{"0":{"loc":{"start":{"line":34,"column":6},"end":{"line":36,"column":7}},"type":"if","locations":[{"start":{"line":34,"column":6},"end":{"line":36,"column":7}}]},"1":{"loc":{"start":{"line":40,"column":6},"end":{"line":44,"column":7}},"type":"if","locations":[{"start":{"line":40,"column":6},"end":{"line":44,"column":7}},{"start":{"line":42,"column":13},"end":{"line":44,"column":7}}]},"2":{"loc":{"start":{"line":109,"column":22},"end":{"line":109,"column":52}},"type":"cond-expr","locations":[{"start":{"line":109,"column":31},"end":{"line":109,"column":41}},{"start":{"line":109,"column":44},"end":{"line":109,"column":52}}]},"3":{"loc":{"start":{"line":115,"column":6},"end":{"line":123,"column":7}},"type":"if","locations":[{"start":{"line":115,"column":6},"end":{"line":123,"column":7}},{"start":{"line":119,"column":13},"end":{"line":123,"column":7}}]},"4":{"loc":{"start":{"line":139,"column":6},"end":{"line":141,"column":7}},"type":"if","locations":[{"start":{"line":139,"column":6},"end":{"line":141,"column":7}}]},"5":{"loc":{"start":{"line":139,"column":10},"end":{"line":139,"column":84}},"type":"binary-expr","locations":[{"start":{"line":139,"column":10},"end":{"line":139,"column":44}},{"start":{"line":139,"column":48},"end":{"line":139,"column":84}}]}},"s":{"0":2,"1":2,"2":2,"3":2,"4":6,"5":6,"6":6,"7":6,"8":5,"9":1,"10":4,"11":4,"12":3,"13":1,"14":4,"15":4,"16":4,"17":4,"18":4,"19":1,"20":3,"21":3,"22":3,"23":1,"24":2,"25":2,"26":2,"27":2,"28":2,"29":2,"30":2,"31":0,"32":2,"33":1,"34":1,"35":1,"36":1,"37":1,"38":1,"39":1,"40":5,"41":5,"42":4,"43":1,"44":2,"45":2},"f":{"0":6,"1":6},"b":{"0":[1],"1":[3,1],"2":[1,1],"3":[1,1],"4":[4],"5":[5,4]}}
,"/Users/jevdev2304/Documents/PT_Wompi/backend/src/wompi/wompi.service.ts": {"path":"/Users/jevdev2304/Documents/PT_Wompi/backend/src/wompi/wompi.service.ts","statementMap":{"0":{"start":{"line":1,"column":0},"end":{"line":1,"column":52}},"1":{"start":{"line":2,"column":0},"end":{"line":2,"column":45}},"2":{"start":{"line":4,"column":0},"end":{"line":4,"column":33}},"3":{"start":{"line":6,"column":14},"end":{"line":6,"column":77}},"4":{"start":{"line":6,"column":30},"end":{"line":6,"column":77}},"5":{"start":{"line":6,"column":53},"end":{"line":6,"column":76}},"6":{"start":{"line":9,"column":25},"end":{"line":100,"column":null}},"7":{"start":{"line":10,"column":28},"end":{"line":10,"column":57}},"8":{"start":{"line":18,"column":4},"end":{"line":18,"column":91}},"9":{"start":{"line":19,"column":4},"end":{"line":19,"column":56}},"10":{"start":{"line":20,"column":4},"end":{"line":20,"column":58}},"11":{"start":{"line":21,"column":4},"end":{"line":21,"column":64}},"12":{"start":{"line":22,"column":4},"end":{"line":26,"column":7}},"13":{"start":{"line":30,"column":21},"end":{"line":33,"column":null}},"14":{"start":{"line":36,"column":18},"end":{"line":36,"column":41}},"15":{"start":{"line":37,"column":4},"end":{"line":39,"column":5}},"16":{"start":{"line":38,"column":6},"end":{"line":38,"column":66}},"17":{"start":{"line":41,"column":4},"end":{"line":41,"column":17}},"18":{"start":{"line":46,"column":22},"end":{"line":46,"column":103}},"19":{"start":{"line":47,"column":21},"end":{"line":50,"column":null}},"20":{"start":{"line":52,"column":4},"end":{"line":52,"column":35}},"21":{"start":{"line":56,"column":30},"end":{"line":56,"column":36}},"22":{"start":{"line":57,"column":22},"end":{"line":57,"column":32}},"23":{"start":{"line":58,"column":22},"end":{"line":58,"column":31}},"24":{"start":{"line":59,"column":23},"end":{"line":59,"column":31}},"25":{"start":{"line":61,"column":4},"end":{"line":61,"column":70}},"26":{"start":{"line":63,"column":4},"end":{"line":90,"column":5}},"27":{"start":{"line":64,"column":6},"end":{"line":87,"column":7}},"28":{"start":{"line":65,"column":25},"end":{"line":67,"column":null}},"29":{"start":{"line":70,"column":28},"end":{"line":70,"column":46}},"30":{"start":{"line":72,"column":8},"end":{"line":80,"column":9}},"31":{"start":{"line":73,"column":10},"end":{"line":79,"column":11}},"32":{"start":{"line":74,"column":12},"end":{"line":74,"column":74}},"33":{"start":{"line":75,"column":12},"end":{"line":75,"column":24}},"34":{"start":{"line":77,"column":12},"end":{"line":77,"column":106}},"35":{"start":{"line":78,"column":12},"end":{"line":78,"column":25}},"36":{"start":{"line":82,"column":8},"end":{"line":82,"column":111}},"37":{"start":{"line":85,"column":8},"end":{"line":85,"column":86}},"38":{"start":{"line":86,"column":8},"end":{"line":86,"column":21}},"39":{"start":{"line":89,"column":6},"end":{"line":89,"column":30}},"40":{"start":{"line":92,"column":4},"end":{"line":92,"column":101}},"41":{"start":{"line":93,"column":4},"end":{"line":93,"column":17}},"42":{"start":{"line":97,"column":20},"end":{"line":97,"column":83}},"43":{"start":{"line":98,"column":4},"end":{"line":98,"column":69}},"44":{"start":{"line":9,"column":13},"end":{"line":9,"column":25}},"45":{"start":{"line":9,"column":13},"end":{"line":100,"column":null}}},"fnMap":{"0":{"name":"(anonymous_2)","decl":{"start":{"line":6,"column":14},"end":{"line":6,"column":15}},"loc":{"start":{"line":6,"column":30},"end":{"line":6,"column":77}}},"1":{"name":"(anonymous_3)","decl":{"start":{"line":6,"column":42},"end":{"line":6,"column":49}},"loc":{"start":{"line":6,"column":53},"end":{"line":6,"column":76}}},"2":{"name":"(anonymous_4)","decl":{"start":{"line":17,"column":2},"end":{"line":17,"column":null}},"loc":{"start":{"line":17,"column":2},"end":{"line":27,"column":3}}},"3":{"name":"(anonymous_5)","decl":{"start":{"line":29,"column":2},"end":{"line":29,"column":7}},"loc":{"start":{"line":29,"column":47},"end":{"line":42,"column":3}}},"4":{"name":"(anonymous_6)","decl":{"start":{"line":45,"column":2},"end":{"line":45,"column":7}},"loc":{"start":{"line":45,"column":81},"end":{"line":53,"column":3}}},"5":{"name":"(anonymous_7)","decl":{"start":{"line":55,"column":2},"end":{"line":55,"column":7}},"loc":{"start":{"line":55,"column":65},"end":{"line":94,"column":3}}},"6":{"name":"(anonymous_8)","decl":{"start":{"line":96,"column":2},"end":{"line":96,"column":19}},"loc":{"start":{"line":96,"column":78},"end":{"line":99,"column":3}}}},"branchMap":{"0":{"loc":{"start":{"line":18,"column":19},"end":{"line":18,"column":90}},"type":"binary-expr","locations":[{"start":{"line":18,"column":19},"end":{"line":18,"column":45}},{"start":{"line":18,"column":49},"end":{"line":18,"column":90}}]},"1":{"loc":{"start":{"line":19,"column":21},"end":{"line":19,"column":55}},"type":"binary-expr","locations":[{"start":{"line":19,"column":21},"end":{"line":19,"column":49}},{"start":{"line":19,"column":53},"end":{"line":19,"column":55}}]},"2":{"loc":{"start":{"line":20,"column":22},"end":{"line":20,"column":57}},"type":"binary-expr","locations":[{"start":{"line":20,"column":22},"end":{"line":20,"column":51}},{"start":{"line":20,"column":55},"end":{"line":20,"column":57}}]},"3":{"loc":{"start":{"line":21,"column":26},"end":{"line":21,"column":63}},"type":"binary-expr","locations":[{"start":{"line":21,"column":26},"end":{"line":21,"column":57}},{"start":{"line":21,"column":61},"end":{"line":21,"column":63}}]},"4":{"loc":{"start":{"line":37,"column":4},"end":{"line":39,"column":5}},"type":"if","locations":[{"start":{"line":37,"column":4},"end":{"line":39,"column":5}}]},"5":{"loc":{"start":{"line":72,"column":8},"end":{"line":80,"column":9}},"type":"if","locations":[{"start":{"line":72,"column":8},"end":{"line":80,"column":9}}]},"6":{"loc":{"start":{"line":73,"column":10},"end":{"line":79,"column":11}},"type":"if","locations":[{"start":{"line":73,"column":10},"end":{"line":79,"column":11}},{"start":{"line":76,"column":17},"end":{"line":79,"column":11}}]}},"s":{"0":3,"1":3,"2":3,"3":3,"4":32,"5":32,"6":3,"7":7,"8":7,"9":7,"10":7,"11":7,"12":7,"13":1,"14":1,"15":1,"16":0,"17":1,"18":1,"19":1,"20":1,"21":3,"22":3,"23":3,"24":3,"25":3,"26":3,"27":34,"28":34,"29":34,"30":34,"31":2,"32":1,"33":1,"34":1,"35":1,"36":32,"37":0,"38":0,"39":32,"40":1,"41":1,"42":2,"43":2,"44":3,"45":3},"f":{"0":32,"1":32,"2":7,"3":1,"4":1,"5":3,"6":2},"b":{"0":[7,7],"1":[7,0],"2":[7,0],"3":[7,0],"4":[0],"5":[2],"6":[1,1]}}
}
