TN:
SF:src/app.controller.ts
FN:6,(anonymous_2)
FNF:1
FNH:1
FNDA:1,(anonymous_2)
DA:1,1
DA:2,1
DA:5,1
DA:6,1
LF:4
LH:4
BRF:0
BRH:0
end_of_record
TN:
SF:src/app.service.ts
FNF:0
FNH:0
DA:1,2
DA:4,2
LF:2
LH:2
BRF:0
BRH:0
end_of_record
TN:
SF:src/products/products.controller.ts
FN:10,(anonymous_2)
FN:17,(anonymous_3)
FNF:2
FNH:2
FNDA:2,(anonymous_2)
FNDA:1,(anonymous_3)
DA:2,1
DA:3,1
DA:4,1
DA:5,1
DA:9,1
DA:11,2
DA:17,1
DA:18,1
LF:8
LH:8
BRF:0
BRH:0
end_of_record
TN:
SF:src/products/products.repository.ts
FN:9,(anonymous_4)
FN:13,(anonymous_5)
FNF:2
FNH:2
FNDA:2,(anonymous_4)
FNDA:1,(anonymous_5)
DA:2,3
DA:3,3
DA:4,3
DA:5,3
DA:8,3
DA:11,2
DA:14,1
LF:7
LH:7
BRF:0
BRH:0
end_of_record
TN:
SF:src/products/products.service.ts
FN:6,(anonymous_2)
FN:9,(anonymous_3)
FNF:2
FNH:2
FNDA:2,(anonymous_2)
FNDA:1,(anonymous_3)
DA:1,2
DA:2,2
DA:5,2
DA:7,2
DA:11,1
LF:5
LH:5
BRF:0
BRH:0
end_of_record
TN:
SF:src/transactions/transactions.controller.ts
FN:11,(anonymous_4)
FN:16,(anonymous_5)
FNF:2
FNH:2
FNDA:2,(anonymous_4)
FNDA:1,(anonymous_5)
DA:2,1
DA:3,1
DA:4,1
DA:5,1
DA:6,1
DA:10,1
DA:11,2
DA:16,1
DA:17,1
LF:9
LH:9
BRF:0
BRH:0
end_of_record
TN:
SF:src/transactions/transactions.repository.ts
FN:11,(anonymous_4)
FN:25,(anonymous_5)
FN:29,(anonymous_6)
FN:33,(anonymous_7)
FN:37,(anonymous_8)
FN:41,(anonymous_9)
FN:45,(anonymous_10)
FN:49,(anonymous_11)
FN:53,(anonymous_12)
FN:57,(anonymous_13)
FNF:10
FNH:0
FNDA:0,(anonymous_4)
FNDA:0,(anonymous_5)
FNDA:0,(anonymous_6)
FNDA:0,(anonymous_7)
FNDA:0,(anonymous_8)
FNDA:0,(anonymous_9)
FNDA:0,(anonymous_10)
FNDA:0,(anonymous_11)
FNDA:0,(anonymous_12)
FNDA:0,(anonymous_13)
DA:1,2
DA:2,2
DA:3,2
DA:4,2
DA:5,2
DA:6,2
DA:7,2
DA:10,2
DA:13,0
DA:16,0
DA:19,0
DA:22,0
DA:26,0
DA:30,0
DA:34,0
DA:38,0
DA:42,0
DA:46,0
DA:50,0
DA:54,0
DA:58,0
LF:21
LH:8
BRF:0
BRH:0
end_of_record
TN:
SF:src/transactions/transactions.service.ts
FN:13,(anonymous_2)
FN:18,(anonymous_3)
FNF:2
FNH:2
FNDA:6,(anonymous_2)
FNDA:6,(anonymous_3)
DA:1,2
DA:7,2
DA:9,2
DA:12,2
DA:14,6
DA:15,6
DA:32,6
DA:33,6
DA:34,5
DA:35,1
DA:39,4
DA:40,4
DA:41,3
DA:43,1
DA:45,4
DA:48,4
DA:49,4
DA:53,4
DA:54,4
DA:62,1
DA:66,3
DA:68,3
DA:69,3
DA:83,1
DA:87,2
DA:94,2
DA:97,2
DA:101,2
DA:105,2
DA:106,2
DA:109,2
DA:111,0
DA:115,2
DA:116,1
DA:118,1
DA:120,1
DA:121,1
DA:123,1
DA:124,1
DA:125,1
DA:128,1
DA:141,5
DA:143,5
DA:146,4
DA:148,1
LF:45
LH:44
BRDA:34,0,0,1
BRDA:40,1,0,3
BRDA:40,1,1,1
BRDA:109,2,0,1
BRDA:109,2,1,1
BRDA:115,3,0,1
BRDA:115,3,1,1
BRDA:143,4,0,4
BRDA:143,5,0,5
BRDA:143,5,1,4
BRF:10
BRH:10
end_of_record
TN:
SF:src/wompi/wompi.controller.ts
FN:6,(anonymous_2)
FN:9,(anonymous_3)
FNF:2
FNH:0
FNDA:0,(anonymous_2)
FNDA:0,(anonymous_3)
DA:1,1
DA:2,1
DA:5,1
DA:6,0
DA:9,1
DA:10,0
DA:11,0
DA:13,0
LF:8
LH:4
BRF:0
BRH:0
end_of_record
TN:
SF:src/wompi/wompi.service.ts
FN:6,(anonymous_2)
FN:6,(anonymous_3)
FN:17,(anonymous_4)
FN:29,(anonymous_5)
FN:45,(anonymous_6)
FN:55,(anonymous_7)
FN:98,(anonymous_8)
FN:121,(anonymous_9)
FNF:8
FNH:7
FNDA:32,(anonymous_2)
FNDA:32,(anonymous_3)
FNDA:7,(anonymous_4)
FNDA:1,(anonymous_5)
FNDA:1,(anonymous_6)
FNDA:3,(anonymous_7)
FNDA:0,(anonymous_8)
FNDA:2,(anonymous_9)
DA:1,4
DA:2,4
DA:4,4
DA:6,32
DA:9,4
DA:10,7
DA:18,7
DA:19,7
DA:20,7
DA:21,7
DA:22,7
DA:30,1
DA:36,1
DA:37,1
DA:38,0
DA:41,1
DA:46,1
DA:47,1
DA:52,1
DA:56,3
DA:57,3
DA:58,3
DA:59,3
DA:61,3
DA:63,3
DA:64,34
DA:65,34
DA:70,34
DA:72,34
DA:73,2
DA:74,1
DA:75,1
DA:77,1
DA:78,1
DA:82,32
DA:85,0
DA:86,0
DA:89,32
DA:92,1
DA:93,1
DA:99,0
DA:100,0
DA:101,0
DA:104,0
DA:105,0
DA:106,0
DA:108,0
DA:109,0
DA:116,0
DA:117,0
DA:122,2
DA:123,2
LF:52
LH:39
BRDA:18,0,0,7
BRDA:18,0,1,7
BRDA:19,1,0,7
BRDA:19,1,1,0
BRDA:20,2,0,7
BRDA:20,2,1,0
BRDA:21,3,0,7
BRDA:21,3,1,0
BRDA:37,4,0,0
BRDA:72,5,0,2
BRDA:73,6,0,1
BRDA:73,6,1,1
BRDA:99,7,0,0
BRF:13
BRH:8
end_of_record
